Build started 23/07/2015 18:12:28.
     1>Project "C:\Users\Francesco\Documents\Visual Studio 2013\Projects\UniCraft\UniCraft\UniCraft.vcxproj" on node 2 (Build target(s)).
     1>ClCompile:
         C:\Program Files (x86)\Microsoft Visual Studio 12.0\VC\bin\CL.exe /c /Zi /nologo /W3 /WX- /sdl /O2 /Oi /Oy- /GL /D _MBCS /Gm- /EHsc /MD /GS /Gy /fp:precise /Zc:wchar_t /Zc:forScope /Fo"Release\\" /Fd"Release\vc120.pdb" /Gd /TP /analyze- /errorReport:prompt StupidAttack.cpp
         StupidAttack.cpp
       Link:
         C:\Program Files (x86)\Microsoft Visual Studio 12.0\VC\bin\link.exe /ERRORREPORT:PROMPT /OUT:"C:\Users\Francesco\Documents\Visual Studio 2013\Projects\UniCraft\Release\UniCraft.exe" /NOLOGO ../lib/BWAPI.lib ../lib/BWAPIClient.lib ../lib/BWTA.lib "../lib/libboost_filesystem-vc120-mt-1_56.lib" "../lib/libboost_system-vc120-mt-1_56.lib" "../lib/libboost_thread-vc120-mt-1_56.lib" "../lib/libCGAL-vc120-mt-4.4.lib" "../lib/libgmp-10.lib" "../lib/libmpfr-4.lib" kernel32.lib user32.lib gdi32.lib winspool.lib comdlg32.lib advapi32.lib shell32.lib ole32.lib oleaut32.lib uuid.lib odbc32.lib odbccp32.lib /MANIFEST /MANIFESTUAC:"level='asInvoker' uiAccess='false'" /manifest:embed /DEBUG /PDB:"C:\Users\Francesco\Documents\Visual Studio 2013\Projects\UniCraft\Release\UniCraft.pdb" /OPT:REF /OPT:ICF /LTCG /TLBID:1 /DYNAMICBASE /NXCOMPAT /IMPLIB:"C:\Users\Francesco\Documents\Visual Studio 2013\Projects\UniCraft\Release\UniCraft.lib" /MACHINE:X86 /SAFESEH Release\AbstractAttack.obj
         Release\AbstractBuildBuildings.obj
         Release\AbstractCollectResources.obj
         Release\AbstractCreateOrUpdateUnits.obj
         Release\AbstractDefend.obj
         Release\AbstractScouting.obj
         Release\CollectResources.obj
         Release\KnowledgeBase.obj
         Release\main.obj
         Release\Manager.obj
         Release\ScoutReachableBaseLocations.obj
         Release\Strategy.obj
         Release\StupidAttack.obj
         Release\Tactic.obj
         Generating code
         Finished generating code
         UniCraft.vcxproj -> C:\Users\Francesco\Documents\Visual Studio 2013\Projects\UniCraft\Release\UniCraft.exe
     1>Done Building Project "C:\Users\Francesco\Documents\Visual Studio 2013\Projects\UniCraft\UniCraft\UniCraft.vcxproj" (Build target(s)).

Build succeeded.

Time Elapsed 00:00:06.45
